<?xml version="1.0" encoding="UTF-8"?>
<!-- Generated by org.testng.reporters.JUnitReportReporter -->
<testsuite skipped="0" hostname="BSNO4_D00827" name="Registration.Registration" tests="1" failures="0" timestamp="12 Feb 2018 10:44:57 GMT" time="17.183" errors="0">
  <testcase name="testLoginToApplication" time="17.183" classname="Registration.Registration"/>
</testsuite> <!-- Registration.Registration -->
