<?xml version="1.0" encoding="UTF-8"?>
<!-- Generated by org.testng.reporters.JUnitReportReporter -->
<testsuite skipped="0" hostname="BSNO4_D00827" name="Registration.Registration" tests="1" failures="0" timestamp="19 Feb 2018 09:57:38 GMT" time="16.335" errors="0">
  <testcase name="testLoginToApplication" time="16.335" classname="Registration.Registration"/>
</testsuite> <!-- Registration.Registration -->
