<?xml version="1.0" encoding="UTF-8"?>
<!-- Generated by org.testng.reporters.JUnitReportReporter -->
<testsuite skipped="0" hostname="BSNO4_D00827" name="homepage.TestDataDrivenScript" tests="7" failures="0" timestamp="12 Feb 2018 10:44:57 GMT" time="0.000" errors="0">
  <testcase name="testLogin" time="0.000" classname="homepage.TestDataDrivenScript"/>
  <testcase name="testLogin" time="0.000" classname="homepage.TestDataDrivenScript"/>
  <testcase name="testLogin" time="0.000" classname="homepage.TestDataDrivenScript"/>
  <testcase name="testLogin" time="0.000" classname="homepage.TestDataDrivenScript"/>
  <testcase name="testLogin" time="0.000" classname="homepage.TestDataDrivenScript"/>
  <testcase name="testLogin" time="0.000" classname="homepage.TestDataDrivenScript"/>
  <testcase name="testLogin" time="0.000" classname="homepage.TestDataDrivenScript"/>
</testsuite> <!-- homepage.TestDataDrivenScript -->
