<?xml version="1.0" encoding="UTF-8"?>
<!-- Generated by org.testng.reporters.JUnitReportReporter -->
<testsuite skipped="0" hostname="BSNO4_D00827" name="loginPage.LoginTest" tests="1" failures="0" timestamp="12 Feb 2018 10:44:57 GMT" time="12.479" errors="0">
  <testcase name="testLoginToApplication" time="12.479" classname="loginPage.LoginTest"/>
</testsuite> <!-- loginPage.LoginTest -->
