<?xml version="1.0" encoding="UTF-8"?>
<!-- Generated by org.testng.reporters.JUnitReportReporter -->
<testsuite skipped="0" hostname="BSNO4_D00827" name="ProductDetails.VerifyProductCounts" tests="1" failures="0" timestamp="12 Feb 2018 10:44:57 GMT" time="19.082" errors="0">
  <testcase name="testVerifyProductCounts" time="19.082" classname="ProductDetails.VerifyProductCounts"/>
</testsuite> <!-- ProductDetails.VerifyProductCounts -->
