<?xml version="1.0" encoding="UTF-8"?>
<!-- Generated by org.testng.reporters.JUnitReportReporter -->
<testsuite skipped="0" hostname="BSNO4_D00827" name="ProductDetails.VerifyProductCounts" tests="1" failures="0" timestamp="19 Feb 2018 09:57:38 GMT" time="16.867" errors="0">
  <testcase name="testVerifyProductCounts" time="16.867" classname="ProductDetails.VerifyProductCounts"/>
</testsuite> <!-- ProductDetails.VerifyProductCounts -->
