<?xml version="1.0" encoding="UTF-8"?>
<!-- Generated by org.testng.reporters.JUnitReportReporter -->
<testsuite skipped="0" hostname="BSNO4_D00827" name="loginPage.LoginTest" tests="1" failures="0" timestamp="19 Feb 2018 11:43:11 GMT" time="10.453" errors="0">
  <testcase name="testLoginToApplication" time="10.453" classname="loginPage.LoginTest"/>
</testsuite> <!-- loginPage.LoginTest -->
